Build started 01/05/2016 5:58:45 PM.
     1>Project "C:\Users\Arjun\OneDrive\Code transfer\Tutor\S2_2006\S2_2006.vcxproj" on node 2 (Build target(s)).
     1>ClCompile:
         C:\Program Files (x86)\Microsoft Visual Studio 12.0\VC\bin\CL.exe /c /Zi /nologo /W3 /WX- /sdl /O2 /Oi /Oy- /GL /D _MBCS /Gm- /EHsc /MD /GS /Gy /fp:precise /Zc:wchar_t /Zc:forScope /Fo"Release\\" /Fd"Release\vc120.pdb" /Gd /TP /analyze- /errorReport:prompt S2_2006.cpp
         S2_2006.cpp
     1>S2_2006.cpp(25): warning C4018: '<' : signed/unsigned mismatch
     1>S2_2006.cpp(32): warning C4018: '<' : signed/unsigned mismatch
       Link:
         C:\Program Files (x86)\Microsoft Visual Studio 12.0\VC\bin\link.exe /ERRORREPORT:PROMPT /OUT:"C:\Users\Arjun\OneDrive\Code transfer\Tutor\Release\S2_2006.exe" /NOLOGO kernel32.lib user32.lib gdi32.lib winspool.lib comdlg32.lib advapi32.lib shell32.lib ole32.lib oleaut32.lib uuid.lib odbc32.lib odbccp32.lib /MANIFEST /MANIFESTUAC:"level='asInvoker' uiAccess='false'" /manifest:embed /DEBUG /PDB:"C:\Users\Arjun\OneDrive\Code transfer\Tutor\Release\S2_2006.pdb" /OPT:REF /OPT:ICF /LTCG /TLBID:1 /DYNAMICBASE /NXCOMPAT /IMPLIB:"C:\Users\Arjun\OneDrive\Code transfer\Tutor\Release\S2_2006.lib" /MACHINE:X86 /SAFESEH Release\S2_2006.obj
         Generating code
         Finished generating code
         Compiler terminating.  Please wait..... Abort complete.
     1>Done Building Project "C:\Users\Arjun\OneDrive\Code transfer\Tutor\S2_2006\S2_2006.vcxproj" (Build target(s)) -- FAILED.

Build FAILED.

Time Elapsed 00:00:09.92
