Build started 01/05/2016 5:58:50 PM.
     1>Project "C:\Users\Arjun\OneDrive\Code transfer\Tutor\S2_2007\S2_2007.vcxproj" on node 4 (Build target(s)).
     1>ClCompile:
         C:\Program Files (x86)\Microsoft Visual Studio 12.0\VC\bin\CL.exe /c /Zi /nologo /W3 /WX- /sdl /O2 /Oi /Oy- /GL /D _MBCS /Gm- /EHsc /MD /GS /Gy /fp:precise /Zc:wchar_t /Zc:forScope /Fo"Release\\" /Fd"Release\vc120.pdb" /Gd /TP /analyze- /errorReport:prompt S2_2007.cpp
         S2_2007.cpp
     1>Done Building Project "C:\Users\Arjun\OneDrive\Code transfer\Tutor\S2_2007\S2_2007.vcxproj" (Build target(s)) -- FAILED.

Build FAILED.

Time Elapsed 00:00:03.49
